1548358701.963320 server started, pid 31533
1548358701.963565 continuing cmdq 0x559d1e6d7830: flags=0, client=-1
1548358701.963598 cmdq 0x559d1e6d7830: bind-key C-b send-prefix
1548358701.963660 continuing cmdq 0x559d1e6d7830: flags=0, client=-1
1548358701.963683 cmdq 0x559d1e6d7830: bind-key C-o rotate-window
1548358701.963720 continuing cmdq 0x559d1e6d7830: flags=0, client=-1
1548358701.963741 cmdq 0x559d1e6d7830: bind-key C-z suspend-client
1548358701.963779 continuing cmdq 0x559d1e6d7830: flags=0, client=-1
1548358701.963799 cmdq 0x559d1e6d7830: bind-key Space next-layout
1548358701.963842 continuing cmdq 0x559d1e6d7830: flags=0, client=-1
1548358701.963863 cmdq 0x559d1e6d7830: bind-key ! break-pane
1548358701.963894 continuing cmdq 0x559d1e6d7830: flags=0, client=-1
1548358701.963915 cmdq 0x559d1e6d7830: bind-key " split-window
1548358701.963949 continuing cmdq 0x559d1e6d7830: flags=0, client=-1
1548358701.963969 cmdq 0x559d1e6d7830: bind-key # list-buffers
1548358701.964008 continuing cmdq 0x559d1e6d7830: flags=0, client=-1
1548358701.964035 cmdq 0x559d1e6d7830: bind-key $ command-prompt -I#S "rename-session '%%'"
1548358701.964071 continuing cmdq 0x559d1e6d7830: flags=0, client=-1
1548358701.964092 cmdq 0x559d1e6d7830: bind-key % split-window -h
1548358701.964126 continuing cmdq 0x559d1e6d7830: flags=0, client=-1
1548358701.964144 cmdq 0x559d1e6d7830: bind-key & confirm-before "-pkill-window #W? (y/n)" kill-window
1548358701.964172 continuing cmdq 0x559d1e6d7830: flags=0, client=-1
1548358701.964196 cmdq 0x559d1e6d7830: bind-key ' command-prompt -pindex "select-window -t ':%%'"
1548358701.964226 continuing cmdq 0x559d1e6d7830: flags=0, client=-1
1548358701.964247 cmdq 0x559d1e6d7830: bind-key ( switch-client -p
1548358701.964283 continuing cmdq 0x559d1e6d7830: flags=0, client=-1
1548358701.964305 cmdq 0x559d1e6d7830: bind-key ) switch-client -n
1548358701.964349 continuing cmdq 0x559d1e6d7830: flags=0, client=-1
1548358701.964375 cmdq 0x559d1e6d7830: bind-key , command-prompt -I#W "rename-window '%%'"
1548358701.964408 continuing cmdq 0x559d1e6d7830: flags=0, client=-1
1548358701.964429 cmdq 0x559d1e6d7830: bind-key - delete-buffer
1548358701.964462 continuing cmdq 0x559d1e6d7830: flags=0, client=-1
1548358701.964486 cmdq 0x559d1e6d7830: bind-key . command-prompt "move-window -t '%%'"
1548358701.964520 continuing cmdq 0x559d1e6d7830: flags=0, client=-1
1548358701.964543 cmdq 0x559d1e6d7830: bind-key 0 select-window -t:=0
1548358701.964581 continuing cmdq 0x559d1e6d7830: flags=0, client=-1
1548358701.964600 cmdq 0x559d1e6d7830: bind-key 1 select-window -t:=1
1548358701.964629 continuing cmdq 0x559d1e6d7830: flags=0, client=-1
1548358701.964644 cmdq 0x559d1e6d7830: bind-key 2 select-window -t:=2
1548358701.964669 continuing cmdq 0x559d1e6d7830: flags=0, client=-1
1548358701.964689 cmdq 0x559d1e6d7830: bind-key 3 select-window -t:=3
1548358701.964723 continuing cmdq 0x559d1e6d7830: flags=0, client=-1
1548358701.964746 cmdq 0x559d1e6d7830: bind-key 4 select-window -t:=4
1548358701.964780 continuing cmdq 0x559d1e6d7830: flags=0, client=-1
1548358701.964802 cmdq 0x559d1e6d7830: bind-key 5 select-window -t:=5
1548358701.964836 continuing cmdq 0x559d1e6d7830: flags=0, client=-1
1548358701.964858 cmdq 0x559d1e6d7830: bind-key 6 select-window -t:=6
1548358701.964893 continuing cmdq 0x559d1e6d7830: flags=0, client=-1
1548358701.964916 cmdq 0x559d1e6d7830: bind-key 7 select-window -t:=7
1548358701.964953 continuing cmdq 0x559d1e6d7830: flags=0, client=-1
1548358701.964975 cmdq 0x559d1e6d7830: bind-key 8 select-window -t:=8
1548358701.965010 continuing cmdq 0x559d1e6d7830: flags=0, client=-1
1548358701.965032 cmdq 0x559d1e6d7830: bind-key 9 select-window -t:=9
1548358701.965066 continuing cmdq 0x559d1e6d7830: flags=0, client=-1
1548358701.965084 cmdq 0x559d1e6d7830: bind-key : command-prompt
1548358701.965103 continuing cmdq 0x559d1e6d7830: flags=0, client=-1
1548358701.965116 cmdq 0x559d1e6d7830: bind-key ; last-pane
1548358701.965135 continuing cmdq 0x559d1e6d7830: flags=0, client=-1
1548358701.965148 cmdq 0x559d1e6d7830: bind-key = choose-buffer
1548358701.965178 continuing cmdq 0x559d1e6d7830: flags=0, client=-1
1548358701.965192 cmdq 0x559d1e6d7830: bind-key ? list-keys
1548358701.965211 continuing cmdq 0x559d1e6d7830: flags=0, client=-1
1548358701.965224 cmdq 0x559d1e6d7830: bind-key D choose-client
1548358701.965244 continuing cmdq 0x559d1e6d7830: flags=0, client=-1
1548358701.965258 cmdq 0x559d1e6d7830: bind-key L switch-client -l
1548358701.965282 continuing cmdq 0x559d1e6d7830: flags=0, client=-1
1548358701.965297 cmdq 0x559d1e6d7830: bind-key M select-pane -M
1548358701.965318 continuing cmdq 0x559d1e6d7830: flags=0, client=-1
1548358701.965332 cmdq 0x559d1e6d7830: bind-key [ copy-mode
1548358701.965354 continuing cmdq 0x559d1e6d7830: flags=0, client=-1
1548358701.965367 cmdq 0x559d1e6d7830: bind-key ] paste-buffer
1548358701.965386 continuing cmdq 0x559d1e6d7830: flags=0, client=-1
1548358701.965399 cmdq 0x559d1e6d7830: bind-key c new-window
1548358701.965418 continuing cmdq 0x559d1e6d7830: flags=0, client=-1
1548358701.965431 cmdq 0x559d1e6d7830: bind-key d detach-client
1548358701.965450 continuing cmdq 0x559d1e6d7830: flags=0, client=-1
1548358701.965465 cmdq 0x559d1e6d7830: bind-key f command-prompt "find-window '%%'"
1548358701.965484 continuing cmdq 0x559d1e6d7830: flags=0, client=-1
1548358701.965496 cmdq 0x559d1e6d7830: bind-key i display-message
1548358701.965513 continuing cmdq 0x559d1e6d7830: flags=0, client=-1
1548358701.965525 cmdq 0x559d1e6d7830: bind-key l last-window
1548358701.965543 continuing cmdq 0x559d1e6d7830: flags=0, client=-1
1548358701.965556 cmdq 0x559d1e6d7830: bind-key m select-pane -m
1548358701.965575 continuing cmdq 0x559d1e6d7830: flags=0, client=-1
1548358701.965588 cmdq 0x559d1e6d7830: bind-key n next-window
1548358701.965606 continuing cmdq 0x559d1e6d7830: flags=0, client=-1
1548358701.965620 cmdq 0x559d1e6d7830: bind-key o select-pane -t:.+
1548358701.965669 continuing cmdq 0x559d1e6d7830: flags=0, client=-1
1548358701.965685 cmdq 0x559d1e6d7830: bind-key p previous-window
1548358701.965708 continuing cmdq 0x559d1e6d7830: flags=0, client=-1
1548358701.965721 cmdq 0x559d1e6d7830: bind-key q display-panes
1548358701.965738 continuing cmdq 0x559d1e6d7830: flags=0, client=-1
1548358701.965750 cmdq 0x559d1e6d7830: bind-key r refresh-client
1548358701.965768 continuing cmdq 0x559d1e6d7830: flags=0, client=-1
1548358701.965780 cmdq 0x559d1e6d7830: bind-key s choose-tree
1548358701.965796 continuing cmdq 0x559d1e6d7830: flags=0, client=-1
1548358701.965808 cmdq 0x559d1e6d7830: bind-key t clock-mode
1548358701.965825 continuing cmdq 0x559d1e6d7830: flags=0, client=-1
1548358701.965837 cmdq 0x559d1e6d7830: bind-key w choose-window
1548358701.965858 continuing cmdq 0x559d1e6d7830: flags=0, client=-1
1548358701.965875 cmdq 0x559d1e6d7830: bind-key x confirm-before "-pkill-pane #P? (y/n)" kill-pane
1548358701.965895 continuing cmdq 0x559d1e6d7830: flags=0, client=-1
1548358701.965908 cmdq 0x559d1e6d7830: bind-key z resize-pane -Z
1548358701.965928 continuing cmdq 0x559d1e6d7830: flags=0, client=-1
1548358701.965941 cmdq 0x559d1e6d7830: bind-key { swap-pane -U
1548358701.965962 continuing cmdq 0x559d1e6d7830: flags=0, client=-1
1548358701.965975 cmdq 0x559d1e6d7830: bind-key } swap-pane -D
1548358701.965996 continuing cmdq 0x559d1e6d7830: flags=0, client=-1
1548358701.966009 cmdq 0x559d1e6d7830: bind-key ~ show-messages
1548358701.966033 continuing cmdq 0x559d1e6d7830: flags=0, client=-1
1548358701.966048 cmdq 0x559d1e6d7830: bind-key PPage copy-mode -u
1548358701.966069 continuing cmdq 0x559d1e6d7830: flags=0, client=-1
1548358701.966083 cmdq 0x559d1e6d7830: bind-key -r Up select-pane -U
1548358701.966109 continuing cmdq 0x559d1e6d7830: flags=0, client=-1
1548358701.966123 cmdq 0x559d1e6d7830: bind-key -r Down select-pane -D
1548358701.966145 continuing cmdq 0x559d1e6d7830: flags=0, client=-1
1548358701.966159 cmdq 0x559d1e6d7830: bind-key -r Left select-pane -L
1548358701.966181 continuing cmdq 0x559d1e6d7830: flags=0, client=-1
1548358701.966196 cmdq 0x559d1e6d7830: bind-key -r Right select-pane -R
1548358701.966218 continuing cmdq 0x559d1e6d7830: flags=0, client=-1
1548358701.966241 cmdq 0x559d1e6d7830: bind-key M-1 select-layout even-horizontal
1548358701.966263 continuing cmdq 0x559d1e6d7830: flags=0, client=-1
1548358701.966277 cmdq 0x559d1e6d7830: bind-key M-2 select-layout even-vertical
1548358701.966298 continuing cmdq 0x559d1e6d7830: flags=0, client=-1
1548358701.966313 cmdq 0x559d1e6d7830: bind-key M-3 select-layout main-horizontal
1548358701.966334 continuing cmdq 0x559d1e6d7830: flags=0, client=-1
1548358701.966349 cmdq 0x559d1e6d7830: bind-key M-4 select-layout main-vertical
1548358701.966368 continuing cmdq 0x559d1e6d7830: flags=0, client=-1
1548358701.966382 cmdq 0x559d1e6d7830: bind-key M-5 select-layout tiled
1548358701.966407 continuing cmdq 0x559d1e6d7830: flags=0, client=-1
1548358701.966421 cmdq 0x559d1e6d7830: bind-key M-n next-window -a
1548358701.966440 continuing cmdq 0x559d1e6d7830: flags=0, client=-1
1548358701.966454 cmdq 0x559d1e6d7830: bind-key M-o rotate-window -D
1548358701.966475 continuing cmdq 0x559d1e6d7830: flags=0, client=-1
1548358701.966489 cmdq 0x559d1e6d7830: bind-key M-p previous-window -a
1548358701.966511 continuing cmdq 0x559d1e6d7830: flags=0, client=-1
1548358701.966526 cmdq 0x559d1e6d7830: bind-key -r M-Up resize-pane -U 5
1548358701.966551 continuing cmdq 0x559d1e6d7830: flags=0, client=-1
1548358701.966567 cmdq 0x559d1e6d7830: bind-key -r M-Down resize-pane -D 5
1548358701.966590 continuing cmdq 0x559d1e6d7830: flags=0, client=-1
1548358701.966605 cmdq 0x559d1e6d7830: bind-key -r M-Left resize-pane -L 5
1548358701.966630 continuing cmdq 0x559d1e6d7830: flags=0, client=-1
1548358701.966645 cmdq 0x559d1e6d7830: bind-key -r M-Right resize-pane -R 5
1548358701.966667 continuing cmdq 0x559d1e6d7830: flags=0, client=-1
1548358701.966681 cmdq 0x559d1e6d7830: bind-key -r C-Up resize-pane -U
1548358701.966702 continuing cmdq 0x559d1e6d7830: flags=0, client=-1
1548358701.966716 cmdq 0x559d1e6d7830: bind-key -r C-Down resize-pane -D
1548358701.966741 continuing cmdq 0x559d1e6d7830: flags=0, client=-1
1548358701.966756 cmdq 0x559d1e6d7830: bind-key -r C-Left resize-pane -L
1548358701.966778 continuing cmdq 0x559d1e6d7830: flags=0, client=-1
1548358701.966792 cmdq 0x559d1e6d7830: bind-key -r C-Right resize-pane -R
1548358701.966818 continuing cmdq 0x559d1e6d7830: flags=0, client=-1
1548358701.966835 cmdq 0x559d1e6d7830: bind-key -n MouseDown1Pane select-pane -t=; send-keys -M
1548358701.966865 continuing cmdq 0x559d1e6d7830: flags=0, client=-1
1548358701.966880 cmdq 0x559d1e6d7830: bind-key -n MouseDrag1Border resize-pane -M
1548358701.966904 continuing cmdq 0x559d1e6d7830: flags=0, client=-1
1548358701.966920 cmdq 0x559d1e6d7830: bind-key -n MouseDown1Status select-window -t=
1548358701.966943 continuing cmdq 0x559d1e6d7830: flags=0, client=-1
1548358701.966957 cmdq 0x559d1e6d7830: bind-key -n WheelDownStatus next-window
1548358701.966979 continuing cmdq 0x559d1e6d7830: flags=0, client=-1
1548358701.966993 cmdq 0x559d1e6d7830: bind-key -n WheelUpStatus previous-window
1548358701.967026 continuing cmdq 0x559d1e6d7830: flags=0, client=-1
1548358701.967056 cmdq 0x559d1e6d7830: bind-key -n MouseDrag1Pane if -Ft= #{mouse_any_flag} "if -Ft= "#{pane_in_mode}" "copy-mode -M" "send-keys -M"" "copy-mode -M"
1548358701.967091 continuing cmdq 0x559d1e6d7830: flags=0, client=-1
1548358701.967113 cmdq 0x559d1e6d7830: bind-key -n MouseDown3Pane if-shell -Ft= #{mouse_any_flag} "select-pane -t=; send-keys -M" "select-pane -mt="
1548358701.967148 continuing cmdq 0x559d1e6d7830: flags=0, client=-1
1548358701.967171 cmdq 0x559d1e6d7830: bind-key -n WheelUpPane if-shell -Ft= #{mouse_any_flag} "send-keys -M" "if -Ft= "#{pane_in_mode}" "send-keys -M" "copy-mode -et=""
1548358701.967626 socket path /tmp/tmux-1000/default
1548358701.967817 new client 7
1548358701.967921 continuing cmdq 0x559d1e6dc210: flags=0, client=-1
1548358701.967934 unref client 7 (2 references)
1548358701.967969 event dispatch enter
1548358701.968027 got 100 from client 7
1548358701.968038 got 101 from client 7
1548358701.968048 got 102 from client 7
1548358701.968067 got 103 from client 7
1548358701.968078 event dispatch exit
1548358701.968087 event dispatch enter
1548358701.968124 got 104 from client 7
1548358701.968133 event dispatch exit
1548358701.968142 event dispatch enter
1548358701.968178 got 107 from client 7
1548358701.968188 got 105 from client 7
1548358701.968199 got 105 from client 7
1548358701.968210 got 105 from client 7
1548358701.968220 got 105 from client 7
1548358701.968231 got 105 from client 7
1548358701.968241 got 105 from client 7
1548358701.968252 got 105 from client 7
1548358701.968262 got 105 from client 7
1548358701.968273 got 105 from client 7
1548358701.968283 got 105 from client 7
1548358701.968294 got 105 from client 7
1548358701.968304 got 105 from client 7
1548358701.968314 got 105 from client 7
1548358701.968330 got 105 from client 7
1548358701.968341 got 105 from client 7
1548358701.968351 got 105 from client 7
1548358701.968362 got 105 from client 7
1548358701.968372 got 105 from client 7
1548358701.968382 got 105 from client 7
1548358701.968395 got 105 from client 7
1548358701.968419 got 105 from client 7
1548358701.968430 got 105 from client 7
1548358701.968440 got 105 from client 7
1548358701.968451 got 105 from client 7
1548358701.968462 got 105 from client 7
1548358701.968473 got 105 from client 7
1548358701.968483 got 105 from client 7
1548358701.968494 got 105 from client 7
1548358701.968505 got 105 from client 7
1548358701.968515 got 105 from client 7
1548358701.968527 got 105 from client 7
1548358701.968538 got 105 from client 7
1548358701.968549 got 105 from client 7
1548358701.968559 got 105 from client 7
1548358701.968570 got 105 from client 7
1548358701.968580 got 105 from client 7
1548358701.968591 got 105 from client 7
1548358701.968601 got 105 from client 7
1548358701.968611 got 105 from client 7
1548358701.968622 got 105 from client 7
1548358701.968632 got 105 from client 7
1548358701.968642 got 105 from client 7
1548358701.968652 got 105 from client 7
1548358701.968662 got 105 from client 7
1548358701.968673 got 105 from client 7
1548358701.968682 got 105 from client 7
1548358701.968693 got 105 from client 7
1548358701.968704 got 105 from client 7
1548358701.968714 got 105 from client 7
1548358701.968725 got 105 from client 7
1548358701.968735 got 105 from client 7
1548358701.968746 got 105 from client 7
1548358701.968756 got 105 from client 7
1548358701.968767 got 105 from client 7
1548358701.968777 got 105 from client 7
1548358701.968787 got 105 from client 7
1548358701.968798 got 105 from client 7
1548358701.968808 got 105 from client 7
1548358701.968819 got 105 from client 7
1548358701.968830 got 105 from client 7
1548358701.968841 got 105 from client 7
1548358701.968852 got 105 from client 7
1548358701.968862 got 105 from client 7
1548358701.968872 got 105 from client 7
1548358701.968882 got 105 from client 7
1548358701.968892 got 105 from client 7
1548358701.968903 got 105 from client 7
1548358701.968913 got 105 from client 7
1548358701.968923 got 105 from client 7
1548358701.968933 got 105 from client 7
1548358701.968944 got 105 from client 7
1548358701.968954 got 105 from client 7
1548358701.968965 got 106 from client 7
1548358701.969024 got 200 from client 7
1548358701.969048 continuing cmdq 0x559d1e6dd4e0: flags=0, client=7
1548358701.969061 cmdq 0x559d1e6dd4e0: new-session
1548358701.969075 new term: xterm-256color
1548358701.969517 xterm-256color override: XT 
1548358701.969537 xterm-256color override: Ms \033]52;%p1%s;%p2%s\a
1548358701.969553 xterm-256color override: Cs \033]12;%p1%s\a
1548358701.969567 xterm-256color override: Cr \033]112\a
1548358701.969582 xterm-256color override: Ss \033[%p1%d q
1548358701.969596 xterm-256color override: Se \033[2 q
1548358701.969676 new key \033Oo: 0x103c (KP/)
1548358701.969691 new key \033Oj: 0x103d (KP*)
1548358701.969702 new key \033Om: 0x103e (KP-)
1548358701.969712 new key \033Ow: 0x103f (KP7)
1548358701.969722 new key \033Ox: 0x1040 (KP8)
1548358701.969731 new key \033Oy: 0x1041 (KP9)
1548358701.969741 new key \033Ok: 0x1042 (KP+)
1548358701.969750 new key \033Ot: 0x1043 (KP4)
1548358701.969769 new key \033Ou: 0x1044 (KP5)
1548358701.969779 new key \033Ov: 0x1045 (KP6)
1548358701.969789 new key \033Oq: 0x1046 (KP1)
1548358701.969799 new key \033Or: 0x1047 (KP2)
1548358701.969808 new key \033Os: 0x1048 (KP3)
1548358701.969819 new key \033OM: 0x1049 (KPEnter)
1548358701.969829 new key \033Op: 0x104a (KP0)
1548358701.969839 new key \033On: 0x104b (KP.)
1548358701.969849 new key \033OA: 0x1038 (Up)
1548358701.969860 new key \033OB: 0x1039 (Down)
1548358701.969870 new key \033OC: 0x103b (Right)
1548358701.969881 new key \033OD: 0x103a (Left)
1548358701.969891 new key \033[A: 0x1038 (Up)
1548358701.969901 new key \033[B: 0x1039 (Down)
1548358701.969911 new key \033[C: 0x103b (Right)
1548358701.969920 new key \033[D: 0x103a (Left)
1548358701.969930 new key \033OH: 0x1033 (Home)
1548358701.969940 new key \033OF: 0x1034 (End)
1548358701.969950 new key \033[H: 0x1033 (Home)
1548358701.969960 new key \033[F: 0x1034 (End)
1548358701.969970 new key \033Oa: 0x5038 (C-Up)
1548358701.969980 new key \033Ob: 0x5039 (C-Down)
1548358701.969991 new key \033Oc: 0x503b (C-Right)
1548358701.970001 new key \033Od: 0x503a (C-Left)
1548358701.970011 new key \033[a: 0x9038 (S-Up)
1548358701.970021 new key \033[b: 0x9039 (S-Down)
1548358701.970031 new key \033[c: 0x903b (S-Right)
1548358701.970041 new key \033[d: 0x903a (S-Left)
1548358701.970051 new key \033[11^: 0x5025 (C-F1)
1548358701.970062 new key \033[12^: 0x5026 (C-F2)
1548358701.970072 new key \033[13^: 0x5027 (C-F3)
1548358701.970082 new key \033[14^: 0x5028 (C-F4)
1548358701.970092 new key \033[15^: 0x5029 (C-F5)
1548358701.970102 new key \033[17^: 0x502a (C-F6)
1548358701.970112 new key \033[18^: 0x502b (C-F7)
1548358701.970122 new key \033[19^: 0x502c (C-F8)
1548358701.970132 new key \033[20^: 0x502d (C-F9)
1548358701.970144 new key \033[21^: 0x502e (C-F10)
1548358701.970154 new key \033[23^: 0x502f (C-F11)
1548358701.970164 new key \033[24^: 0x5030 (C-F12)
1548358701.970174 new key \033[2^: 0x5031 (C-IC)
1548358701.970184 new key \033[3^: 0x5032 (C-DC)
1548358701.970195 new key \033[7^: 0x5033 (C-Home)
1548358701.970205 new key \033[8^: 0x5034 (C-End)
1548358701.970215 new key \033[6^: 0x5035 (C-NPage)
1548358701.970230 new key \033[5^: 0x5036 (C-PPage)
1548358701.970241 new key \033[11$: 0x9025 (S-F1)
1548358701.970251 new key \033[12$: 0x9026 (S-F2)
1548358701.970261 new key \033[13$: 0x9027 (S-F3)
1548358701.970271 new key \033[14$: 0x9028 (S-F4)
1548358701.970280 new key \033[15$: 0x9029 (S-F5)
1548358701.970290 new key \033[17$: 0x902a (S-F6)
1548358701.970300 new key \033[18$: 0x902b (S-F7)
1548358701.970310 new key \033[19$: 0x902c (S-F8)
1548358701.970320 new key \033[20$: 0x902d (S-F9)
1548358701.970330 new key \033[21$: 0x902e (S-F10)
1548358701.970341 new key \033[23$: 0x902f (S-F11)
1548358701.970351 new key \033[24$: 0x9030 (S-F12)
1548358701.970361 new key \033[2$: 0x9031 (S-IC)
1548358701.970371 new key \033[3$: 0x9032 (S-DC)
1548358701.970381 new key \033[7$: 0x9033 (S-Home)
1548358701.970391 new key \033[8$: 0x9034 (S-End)
1548358701.970401 new key \033[6$: 0x9035 (S-NPage)
1548358701.970411 new key \033[5$: 0x9036 (S-PPage)
1548358701.970422 new key \033[11@: 0xd025 (C-S-F1)
1548358701.970432 new key \033[12@: 0xd026 (C-S-F2)
1548358701.970443 new key \033[13@: 0xd027 (C-S-F3)
1548358701.970453 new key \033[14@: 0xd028 (C-S-F4)
1548358701.970463 new key \033[15@: 0xd029 (C-S-F5)
1548358701.970473 new key \033[17@: 0xd02a (C-S-F6)
1548358701.970483 new key \033[18@: 0xd02b (C-S-F7)
1548358701.970492 new key \033[19@: 0xd02c (C-S-F8)
1548358701.970502 new key \033[20@: 0xd02d (C-S-F9)
1548358701.970513 new key \033[21@: 0xd02e (C-S-F10)
1548358701.970527 new key \033[23@: 0xd02f (C-S-F11)
1548358701.970538 new key \033[24@: 0xd030 (C-S-F12)
1548358701.970548 new key \033[2@: 0xd031 (C-S-IC)
1548358701.970558 new key \033[3@: 0xd032 (C-S-DC)
1548358701.970568 new key \033[7@: 0xd033 (C-S-Home)
1548358701.970578 new key \033[8@: 0xd034 (C-S-End)
1548358701.970589 new key \033[6@: 0xd035 (C-S-NPage)
1548358701.970599 new key \033[5@: 0xd036 (C-S-PPage)
1548358701.970616 new key \033[I: 0x1000 ((null))
1548358701.970626 new key \033[O: 0x1001 ((null))
1548358701.970636 new key \033OP: 0x1025 (F1)
1548358701.970646 new key \033OQ: 0x1026 (F2)
1548358701.970656 new key \033OR: 0x1027 (F3)
1548358701.970666 new key \033OS: 0x1028 (F4)
1548358701.970676 new key \033[15~: 0x1029 (F5)
1548358701.970686 new key \033[17~: 0x102a (F6)
1548358701.970696 new key \033[18~: 0x102b (F7)
1548358701.970706 new key \033[19~: 0x102c (F8)
1548358701.970716 new key \033[20~: 0x102d (F9)
1548358701.970726 new key \033[21~: 0x102e (F10)
1548358701.970736 new key \033[23~: 0x102f (F11)
1548358701.970746 new key \033[24~: 0x1030 (F12)
1548358701.970756 new key \033[1;2P: 0x9025 (S-F1)
1548358701.970767 new key \033[1;2Q: 0x9026 (S-F2)
1548358701.970778 new key \033[1;2R: 0x9027 (S-F3)
1548358701.970788 new key \033[1;2S: 0x9028 (S-F4)
1548358701.970799 new key \033[15;2~: 0x9029 (S-F5)
1548358701.970810 new key \033[17;2~: 0x902a (S-F6)
1548358701.970820 new key \033[18;2~: 0x902b (S-F7)
1548358701.970835 new key \033[19;2~: 0x902c (S-F8)
1548358701.970846 new key \033[20;2~: 0x902d (S-F9)
1548358701.970857 new key \033[21;2~: 0x902e (S-F10)
1548358701.970867 new key \033[23;2~: 0x902f (S-F11)
1548358701.970878 new key \033[24;2~: 0x9030 (S-F12)
1548358701.970888 new key \033[1;5P: 0x5025 (C-F1)
1548358701.970899 new key \033[1;5Q: 0x5026 (C-F2)
1548358701.970909 new key \033[1;5R: 0x5027 (C-F3)
1548358701.970919 new key \033[1;5S: 0x5028 (C-F4)
1548358701.970930 new key \033[15;5~: 0x5029 (C-F5)
1548358701.970940 new key \033[17;5~: 0x502a (C-F6)
1548358701.970951 new key \033[18;5~: 0x502b (C-F7)
1548358701.970961 new key \033[19;5~: 0x502c (C-F8)
1548358701.970971 new key \033[20;5~: 0x502d (C-F9)
1548358701.970981 new key \033[21;5~: 0x502e (C-F10)
1548358701.970991 new key \033[23;5~: 0x502f (C-F11)
1548358701.971001 new key \033[24;5~: 0x5030 (C-F12)
1548358701.971012 new key \033[1;6P: 0xd025 (C-S-F1)
1548358701.971023 new key \033[1;6Q: 0xd026 (C-S-F2)
1548358701.971033 new key \033[1;6R: 0xd027 (C-S-F3)
1548358701.971043 new key \033[1;6S: 0xd028 (C-S-F4)
1548358701.971054 new key \033[15;6~: 0xd029 (C-S-F5)
1548358701.971069 new key \033[17;6~: 0xd02a (C-S-F6)
1548358701.971080 new key \033[18;6~: 0xd02b (C-S-F7)
1548358701.971090 new key \033[19;6~: 0xd02c (C-S-F8)
1548358701.971101 new key \033[20;6~: 0xd02d (C-S-F9)
1548358701.971111 new key \033[21;6~: 0xd02e (C-S-F10)
1548358701.971122 new key \033[23;6~: 0xd02f (C-S-F11)
1548358701.971132 new key \033[24;6~: 0xd030 (C-S-F12)
1548358701.971143 new key \033[1;3P: 0x3025 (M-F1)
1548358701.971153 new key \033[1;3Q: 0x3026 (M-F2)
1548358701.971163 new key \033[1;3R: 0x3027 (M-F3)
1548358701.971174 new key \033[1;3S: 0x3028 (M-F4)
1548358701.971184 new key \033[15;3~: 0x3029 (M-F5)
1548358701.971194 new key \033[17;3~: 0x302a (M-F6)
1548358701.971205 new key \033[18;3~: 0x302b (M-F7)
1548358701.971215 new key \033[19;3~: 0x302c (M-F8)
1548358701.971225 new key \033[20;3~: 0x302d (M-F9)
1548358701.971235 new key \033[21;3~: 0x302e (M-F10)
1548358701.971245 new key \033[23;3~: 0x302f (M-F11)
1548358701.971256 new key \033[24;3~: 0x3030 (M-F12)
1548358701.971266 new key \033[1;4P: 0xb025 (M-S-F1)
1548358701.971277 new key \033[1;4Q: 0xb026 (M-S-F2)
1548358701.971287 new key \033[1;4R: 0xb027 (M-S-F3)
1548358701.971298 new key \033[2~: 0x1031 (IC)
1548358701.971308 new key \033[3~: 0x1032 (DC)
1548358701.971323 replacing key \033OH: 0x1033 (Home)
1548358701.971334 replacing key \033OF: 0x1034 (End)
1548358701.971344 new key \033[6~: 0x1035 (NPage)
1548358701.971355 new key \033[5~: 0x1036 (PPage)
1548358701.971365 new key \033[Z: 0x1037 (BTab)
1548358701.971375 replacing key \033OA: 0x1038 (Up)
1548358701.971385 replacing key \033OB: 0x1039 (Down)
1548358701.971395 replacing key \033OD: 0x103a (Left)
1548358701.971405 replacing key \033OC: 0x103b (Right)
1548358701.971415 new key \033[3;2~: 0x9032 (S-DC)
1548358701.971426 new key \033[3;3~: 0x3032 (M-DC)
1548358701.971437 new key \033[3;4~: 0xb032 (M-S-DC)
1548358701.971452 new key \033[3;5~: 0x5032 (C-DC)
1548358701.971463 new key \033[3;6~: 0xd032 (C-S-DC)
1548358701.971473 new key \033[3;7~: 0x7032 (C-M-DC)
1548358701.971484 new key \033[1;2B: 0x9039 (S-Down)
1548358701.971498 new key \033[1;3B: 0x3039 (M-Down)
1548358701.971513 new key \033[1;4B: 0xb039 (M-S-Down)
1548358701.971528 new key \033[1;5B: 0x5039 (C-Down)
1548358701.971543 new key \033[1;6B: 0xd039 (C-S-Down)
1548358701.971557 new key \033[1;7B: 0x7039 (C-M-Down)
1548358701.971571 new key \033[1;2F: 0x9034 (S-End)
1548358701.971585 new key \033[1;3F: 0x3034 (M-End)
1548358701.971599 new key \033[1;4F: 0xb034 (M-S-End)
1548358701.971613 new key \033[1;5F: 0x5034 (C-End)
1548358701.971628 new key \033[1;6F: 0xd034 (C-S-End)
1548358701.971643 new key \033[1;7F: 0x7034 (C-M-End)
1548358701.971658 new key \033[1;2H: 0x9033 (S-Home)
1548358701.971675 new key \033[1;3H: 0x3033 (M-Home)
1548358701.971686 new key \033[1;4H: 0xb033 (M-S-Home)
1548358701.971697 new key \033[1;5H: 0x5033 (C-Home)
1548358701.971707 new key \033[1;6H: 0xd033 (C-S-Home)
1548358701.971718 new key \033[1;7H: 0x7033 (C-M-Home)
1548358701.971729 new key \033[2;2~: 0x9031 (S-IC)
1548358701.971739 new key \033[2;3~: 0x3031 (M-IC)
1548358701.971750 new key \033[2;4~: 0xb031 (M-S-IC)
1548358701.971761 new key \033[2;5~: 0x5031 (C-IC)
1548358701.971771 new key \033[2;6~: 0xd031 (C-S-IC)
1548358701.971782 new key \033[2;7~: 0x7031 (C-M-IC)
1548358701.971793 new key \033[1;2D: 0x903a (S-Left)
1548358701.971804 new key \033[1;3D: 0x303a (M-Left)
1548358701.971814 new key \033[1;4D: 0xb03a (M-S-Left)
1548358701.971825 new key \033[1;5D: 0x503a (C-Left)
1548358701.971835 new key \033[1;6D: 0xd03a (C-S-Left)
1548358701.971846 new key \033[1;7D: 0x703a (C-M-Left)
1548358701.971857 new key \033[6;2~: 0x9035 (S-NPage)
1548358701.971868 new key \033[6;3~: 0x3035 (M-NPage)
1548358701.971879 new key \033[6;4~: 0xb035 (M-S-NPage)
1548358701.971890 new key \033[6;5~: 0x5035 (C-NPage)
1548358701.971901 new key \033[6;6~: 0xd035 (C-S-NPage)
1548358701.971912 new key \033[6;7~: 0x7035 (C-M-NPage)
1548358701.971922 new key \033[5;2~: 0x9036 (S-PPage)
1548358701.971941 new key \033[5;3~: 0x3036 (M-PPage)
1548358701.971952 new key \033[5;4~: 0xb036 (M-S-PPage)
1548358701.971962 new key \033[5;5~: 0x5036 (C-PPage)
1548358701.971973 new key \033[5;6~: 0xd036 (C-S-PPage)
1548358701.971983 new key \033[5;7~: 0x7036 (C-M-PPage)
1548358701.971994 new key \033[1;2C: 0x903b (S-Right)
1548358701.972005 new key \033[1;3C: 0x303b (M-Right)
1548358701.972017 new key \033[1;4C: 0xb03b (M-S-Right)
1548358701.972027 new key \033[1;5C: 0x503b (C-Right)
1548358701.972038 new key \033[1;6C: 0xd03b (C-S-Right)
1548358701.972049 new key \033[1;7C: 0x703b (C-M-Right)
1548358701.972059 new key \033[1;2A: 0x9038 (S-Up)
1548358701.972070 new key \033[1;3A: 0x3038 (M-Up)
1548358701.972080 new key \033[1;4A: 0xb038 (M-S-Up)
1548358701.972091 new key \033[1;5A: 0x5038 (C-Up)
1548358701.972101 new key \033[1;6A: 0xd038 (C-S-Up)
1548358701.972112 new key \033[1;7A: 0x7038 (C-M-Up)
1548358701.972266 @0 alerts flags added 0x2
1548358701.972291 spawn: /bin/bash -- 
1548358701.977300 @0 alerts timer reset 0
1548358701.977338 session 0 created
1548358701.977358 writing 207 to client 7
1548358701.977382 client 7, status interval 15
1548358701.977434 session 0 has 3 references
1548358701.977444 session 0 has 2 references
1548358701.977455 unref client 7 (2 references)
1548358701.977477 event dispatch exit
1548358701.977814 format '[#S] ' -> '[0] '
1548358701.978034 format ' "#{=21:pane_title}" 14:38 24-Jan-19' -> ' "z003zmry-HP-Z8-G4-Wor" 14:38 24-Jan-19'
1548358701.978222 format '#{window_flags}' -> '*'
1548358701.978236 format '#I:#W#{?window_flags,#{window_flags}, }' -> '0:bash*'
1548358701.979017 @0 active pane not changed
1548358701.979027 event dispatch enter
1548358701.979091 event dispatch exit
1548358701.979103 @0 active pane not changed
1548358701.979111 event dispatch enter
1548358701.979335 got 208 from client 7
1548358701.979359 event dispatch exit
1548358701.979370 @0 active pane not changed
1548358701.979390 event dispatch enter
1548358702.066732 %0 has 50 bytes
1548358702.066757 @0 alerts timer reset 0
1548358702.066768 input_parse: %0 ground, 50 bytes: z003zmry@z003zmry-HP-Z8-G4-Workstation:~/ansible$ 
1548358702.066813 event dispatch exit
1548358702.066823 @0 active pane changed
1548358702.066894 format '#{pane_current_command}' -> 'bash'
1548358702.066899 format '' -> ''
1548358702.066904 format '#{?pane_in_mode,[tmux],#{pane_current_command}}#{?pane_dead,[dead],}' -> 'bash'
1548358702.066913 @0 name not changed (still bash)
1548358702.066917 event dispatch enter
1548358702.066933 event dispatch exit
1548358702.066937 @0 active pane not changed
1548358702.066940 event dispatch enter
1548358704.455904 keys are 1 (\030)
1548358704.455971 complete key \030 0x18
1548358704.455997 session 0 not pasting
1548358704.456027 writing key 0x18 (C-x)
1548358704.456052 event dispatch exit
1548358704.456080 @0 active pane not changed
1548358704.456095 event dispatch enter
1548358704.456139 event dispatch exit
1548358704.456156 @0 active pane not changed
1548358704.456169 event dispatch enter
1548358711.008208 keys are 1 (\033)
1548358711.008266 partial key \033
1548358711.008286 event dispatch exit
1548358711.008307 @0 active pane not changed
1548358711.008318 event dispatch enter
1548358711.207711 keys are 2 (\033\033)
1548358711.207758 partial key \033\033
1548358711.207773 event dispatch exit
1548358711.207792 @0 active pane not changed
1548358711.207804 event dispatch enter
1548358711.359713 keys are 3 (\033\033\033)
1548358711.359761 complete key \033 0x1b
1548358711.359781 session 0 not pasting
1548358711.359797 writing key 0x1b (Escape)
1548358711.359820 keys are 2 (\033\033)
1548358711.359832 partial key \033\033
1548358711.359846 event dispatch exit
1548358711.359863 @0 active pane not changed
1548358711.359874 event dispatch enter
1548358711.359911 event dispatch exit
1548358711.359924 @0 active pane not changed
1548358711.359934 event dispatch enter
1548358711.359990 %0 has 1 bytes
1548358711.360004 @0 alerts timer reset 0
1548358711.360019 input_parse: %0 ground, 1 bytes: \a
1548358711.360031 input_c0_dispatch: '\a'
1548358711.360042 @0 alerts timer reset 0
1548358711.360052 @0 alerts flags added 0x1
1548358711.360064 alerts check queued (by @0)
1548358711.360085 event dispatch exit
1548358711.360096 @0 active pane changed
1548358711.360271 format '#{pane_current_command}' -> 'bash'
1548358711.360287 format '' -> ''
1548358711.360301 format '#{?pane_in_mode,[tmux],#{pane_current_command}}#{?pane_dead,[dead],}' -> 'bash'
1548358711.360328 @0 name not changed (still bash)
1548358711.360338 event dispatch enter
1548358711.360371 0:0 @0 alerts check, alerts 0x1, flags 0x3
1548358711.360382 event dispatch exit
1548358711.360640 format '[#S] ' -> '[0] '
1548358711.360846 format ' "#{=21:pane_title}" 14:38 24-Jan-19' -> ' "z003zmry-HP-Z8-G4-Wor" 14:38 24-Jan-19'
1548358711.361039 format '#{window_flags}' -> '*'
1548358711.361053 format '#I:#W#{?window_flags,#{window_flags}, }' -> '0:bash*'
1548358711.361108 @0 active pane not changed
1548358711.361119 event dispatch enter
1548358711.361149 event dispatch exit
1548358711.361161 @0 active pane not changed
1548358711.361171 event dispatch enter
1548358711.860780 keys are 2 (\033\033)
1548358711.860827 partial key \033\033
1548358711.860843 complete key \033 0x1b
1548358711.860859 session 0 not pasting
1548358711.860874 writing key 0x1b (Escape)
1548358711.860920 keys are 1 (\033)
1548358711.860933 partial key \033
1548358711.860951 event dispatch exit
1548358711.860974 @0 active pane not changed
1548358711.860988 event dispatch enter
1548358711.861036 event dispatch exit
1548358711.861050 @0 active pane not changed
1548358711.861060 event dispatch enter
1548358712.361688 keys are 1 (\033)
1548358712.361736 partial key \033
1548358712.361751 complete key \033 0x1b
1548358712.361769 session 0 not pasting
1548358712.361793 writing key 0x1b (Escape)
1548358712.361817 event dispatch exit
1548358712.361836 @0 active pane not changed
1548358712.361846 event dispatch enter
1548358712.361902 event dispatch exit
1548358712.361916 @0 active pane not changed
1548358712.361925 event dispatch enter
1548358712.866382 %0 has 1 bytes
1548358712.866432 @0 alerts flags added 0x2
1548358712.866452 input_parse: %0 ground, 1 bytes: \a
1548358712.866464 input_c0_dispatch: '\a'
1548358712.866476 @0 alerts timer reset 0
1548358712.866486 @0 alerts flags added 0x1
1548358712.866498 alerts check queued (by @0)
1548358712.866515 event dispatch exit
1548358712.866533 @0 active pane changed
1548358712.866732 format '#{pane_current_command}' -> 'bash'
1548358712.866749 format '' -> ''
1548358712.866763 format '#{?pane_in_mode,[tmux],#{pane_current_command}}#{?pane_dead,[dead],}' -> 'bash'
1548358712.866790 @0 name not changed (still bash)
1548358712.866800 event dispatch enter
1548358712.866837 0:0 @0 alerts check, alerts 0x1, flags 0x3
1548358712.866848 event dispatch exit
1548358712.867105 format '[#S] ' -> '[0] '
1548358712.867307 format ' "#{=21:pane_title}" 14:38 24-Jan-19' -> ' "z003zmry-HP-Z8-G4-Wor" 14:38 24-Jan-19'
1548358712.867491 format '#{window_flags}' -> '*'
1548358712.867505 format '#I:#W#{?window_flags,#{window_flags}, }' -> '0:bash*'
1548358712.867561 @0 active pane not changed
1548358712.867570 event dispatch enter
1548358712.867604 event dispatch exit
1548358712.867616 @0 active pane not changed
1548358712.867625 event dispatch enter
1548358713.528141 keys are 1 (e)
1548358713.528192 complete key e 0x65
1548358713.528213 session 0 not pasting
1548358713.528228 writing key 0x65 (e)
1548358713.528257 event dispatch exit
1548358713.528288 @0 active pane not changed
1548358713.528302 event dispatch enter
1548358713.528344 event dispatch exit
1548358713.528356 @0 active pane not changed
1548358713.528365 event dispatch enter
1548358713.528458 %0 has 1 bytes
1548358713.528470 @0 alerts flags added 0x2
1548358713.528484 input_parse: %0 ground, 1 bytes: e
1548358713.528516 event dispatch exit
1548358713.528530 @0 active pane changed
1548358713.528697 format '#{pane_current_command}' -> 'bash'
1548358713.528712 format '' -> ''
1548358713.528726 format '#{?pane_in_mode,[tmux],#{pane_current_command}}#{?pane_dead,[dead],}' -> 'bash'
1548358713.528751 @0 name not changed (still bash)
1548358713.528761 event dispatch enter
1548358713.528791 event dispatch exit
1548358713.528803 @0 active pane not changed
1548358713.528811 event dispatch enter
1548358713.807816 keys are 1 (x)
1548358713.807866 complete key x 0x78
1548358713.807886 session 0 not pasting
1548358713.807901 writing key 0x78 (x)
1548358713.807919 event dispatch exit
1548358713.807936 @0 active pane not changed
1548358713.807946 event dispatch enter
1548358713.807976 event dispatch exit
1548358713.807988 @0 active pane not changed
1548358713.807997 event dispatch enter
1548358713.808130 %0 has 1 bytes
1548358713.808143 @0 alerts timer reset 0
1548358713.808157 input_parse: %0 ground, 1 bytes: x
1548358713.808189 event dispatch exit
1548358713.808204 @0 active pane changed
1548358713.808216 @0 name timer queued (220327 left)
1548358713.808226 event dispatch enter
1548358713.808249 event dispatch exit
1548358713.808262 @0 active pane changed
1548358713.808278 @0 name timer already queued (220266 left)
1548358713.808291 event dispatch enter
1548358713.975731 keys are 1 (i)
1548358713.975788 complete key i 0x69
1548358713.975813 session 0 not pasting
1548358713.975833 writing key 0x69 (i)
1548358713.975856 event dispatch exit
1548358713.975877 @0 active pane changed
1548358713.975894 @0 name timer already queued (52650 left)
1548358713.975909 event dispatch enter
1548358713.975949 event dispatch exit
1548358713.975966 @0 active pane changed
1548358713.975982 @0 name timer already queued (52562 left)
1548358713.975995 event dispatch enter
1548358713.976061 %0 has 1 bytes
1548358713.976078 @0 alerts timer reset 0
1548358713.976097 input_parse: %0 ground, 1 bytes: i
1548358713.976137 event dispatch exit
1548358713.976159 @0 active pane changed
1548358713.976175 @0 name timer already queued (52368 left)
1548358713.976189 event dispatch enter
1548358713.976242 event dispatch exit
1548358713.976259 @0 active pane changed
1548358713.976274 @0 name timer already queued (52269 left)
1548358713.976288 event dispatch enter
1548358714.029463 @0 name timer expired
1548358714.029505 event dispatch exit
1548358714.029525 @0 active pane changed
1548358714.029730 format '#{pane_current_command}' -> 'bash'
1548358714.029747 format '' -> ''
1548358714.029761 format '#{?pane_in_mode,[tmux],#{pane_current_command}}#{?pane_dead,[dead],}' -> 'bash'
1548358714.029788 @0 name not changed (still bash)
1548358714.029798 event dispatch enter
1548358714.207730 keys are 1 (t)
1548358714.207777 complete key t 0x74
1548358714.207797 session 0 not pasting
1548358714.207810 writing key 0x74 (t)
1548358714.207828 event dispatch exit
1548358714.207844 @0 active pane not changed
1548358714.207854 event dispatch enter
1548358714.207889 event dispatch exit
1548358714.207901 @0 active pane not changed
1548358714.207910 event dispatch enter
1548358714.208001 %0 has 1 bytes
1548358714.208015 @0 alerts timer reset 0
1548358714.208029 input_parse: %0 ground, 1 bytes: t
1548358714.208059 event dispatch exit
1548358714.208075 @0 active pane changed
1548358714.208086 @0 name timer queued (321451 left)
1548358714.208097 event dispatch enter
1548358714.208121 event dispatch exit
1548358714.208132 @0 active pane changed
1548358714.208143 @0 name timer already queued (321394 left)
1548358714.208152 event dispatch enter
1548358714.375698 keys are 1 (\r)
1548358714.375757 complete key \r 0xd
1548358714.375782 session 0 not pasting
1548358714.375803 writing key 0xd (Enter)
1548358714.375827 event dispatch exit
1548358714.375849 @0 active pane changed
1548358714.375867 @0 name timer already queued (153672 left)
1548358714.375882 event dispatch enter
1548358714.375922 event dispatch exit
1548358714.375939 @0 active pane changed
1548358714.375955 @0 name timer already queued (153583 left)
1548358714.375969 event dispatch enter
1548358714.376007 %0 has 2 bytes
1548358714.376024 @0 alerts timer reset 0
1548358714.376043 input_parse: %0 ground, 2 bytes: \r\n
1548358714.376059 input_c0_dispatch: '\r'
1548358714.376073 input_c0_dispatch: '\n'
1548358714.376090 event dispatch exit
1548358714.376109 @0 active pane changed
1548358714.376126 @0 name timer already queued (153413 left)
1548358714.376140 event dispatch enter
1548358714.376182 %0 has 8 bytes
1548358714.376198 @0 alerts timer reset 0
1548358714.376215 input_parse: %0 ground, 8 bytes: logout\r\n
1548358714.376264 input_c0_dispatch: '\r'
1548358714.376279 input_c0_dispatch: '\n'
1548358714.376293 event dispatch exit
1548358714.376316 @0 active pane changed
1548358714.376332 @0 name timer already queued (153206 left)
1548358714.376347 event dispatch enter
1548358714.376378 event dispatch exit
1548358714.376397 @0 active pane changed
1548358714.376413 @0 name timer already queued (153125 left)
1548358714.376427 event dispatch enter
1548358714.379878 session 0 has 2 references
1548358714.379932 session 0 destroyed
1548358714.379948 session 0 has 2 references
1548358714.379963 session 0 has 1 references
1548358714.379984 event dispatch exit
1548358714.379995 writing 203 to client 7
1548358714.380015 event dispatch enter
1548358714.380085 session 0 freed (0 references)
1548358714.380146 event dispatch exit
1548358714.380155 event dispatch enter
1548358714.380297 got 205 from client 7
1548358714.380461 writing 204 to client 7
1548358714.380476 event dispatch exit
1548358714.380485 event dispatch enter
1548358714.380511 event dispatch exit
1548358714.380520 event dispatch enter
1548358714.381053 lost client 7
1548358714.381123 unref client 7 (1 references)
1548358714.381163 event dispatch exit
